  cl : Command line warning D9035 : option 'Gm' has been deprecated and will be removed in a future release
  videoDriver.cpp
  shaderManager.cpp
  matrix.cpp
F:\GL internship\FrameworkC++\source\matrix.cpp(139,24): warning C4244:  '=': conversion from 'double' to 'float', possible loss of data
F:\GL internship\FrameworkC++\source\matrix.cpp(140,21): warning C4244:  '=': conversion from 'double' to 'float', possible loss of data
F:\GL internship\FrameworkC++\source\matrix.cpp(141,24): warning C4244:  '=': conversion from 'double' to 'float', possible loss of data
F:\GL internship\FrameworkC++\source\matrix.cpp(142,24): warning C4244:  '=': conversion from 'double' to 'float', possible loss of data
F:\GL internship\FrameworkC++\source\matrix.cpp(146,24): warning C4244:  '=': conversion from 'double' to 'float', possible loss of data
F:\GL internship\FrameworkC++\source\matrix.cpp(147,24): warning C4244:  '=': conversion from 'double' to 'float', possible loss of data
F:\GL internship\FrameworkC++\source\matrix.cpp(148,21): warning C4244:  '=': conversion from 'double' to 'float', possible loss of data
F:\GL internship\FrameworkC++\source\matrix.cpp(149,24): warning C4244:  '=': conversion from 'double' to 'float', possible loss of data
F:\GL internship\FrameworkC++\source\matrix.cpp(153,24): warning C4244:  '=': conversion from 'double' to 'float', possible loss of data
F:\GL internship\FrameworkC++\source\matrix.cpp(154,21): warning C4244:  '=': conversion from 'double' to 'float', possible loss of data
F:\GL internship\FrameworkC++\source\matrix.cpp(155,24): warning C4244:  '=': conversion from 'double' to 'float', possible loss of data
F:\GL internship\FrameworkC++\source\matrix.cpp(156,24): warning C4244:  '=': conversion from 'double' to 'float', possible loss of data
F:\GL internship\FrameworkC++\source\matrix.cpp(234,23): warning C4244:  'initializing': conversion from 'double' to 'float', possible loss of data
  Main.cpp
F:\GL internship\FrameworkC++\source\matrix.cpp(234,16): warning C4244:  'initializing': conversion from 'double' to 'const float', possible loss of data
F:\GL internship\FrameworkC++\physics\EffectManager.h(9,21): warning C4018:  '<': signed/unsigned mismatch
F:\GL internship\FrameworkC++\physics\SceneManager.h(10,21): warning C4018:  '<': signed/unsigned mismatch
F:\GL internship\FrameworkC++\physics\TouchManager.h(36,33): warning C4305:  'initializing': truncation from 'double' to 'float'
F:\GL internship\FrameworkC++\physics\Rectangle.h(14,84): warning C4244:  'argument': conversion from 'float' to 'int', possible loss of data
F:\GL internship\FrameworkC++\physics\Rectangle.h(14,74): warning C4244:  'argument': conversion from 'float' to 'int', possible loss of data
F:\GL internship\FrameworkC++\physics\Rectangle.h(14,64): warning C4244:  'argument': conversion from 'float' to 'int', possible loss of data
  TouchManager.cpp
F:\GL internship\FrameworkC++\physics\Rectangle.h(14,50): warning C4244:  'argument': conversion from 'float' to 'int', possible loss of data
F:\GL internship\FrameworkC++\physics\EffectManager.h(9,21): warning C4018:  '<': signed/unsigned mismatch
F:\GL internship\FrameworkC++\physics\TouchManager.h(36,33): warning C4305:  'initializing': truncation from 'double' to 'float'
F:\GL internship\FrameworkC++\physics\SceneManager.h(10,21): warning C4018:  '<': signed/unsigned mismatch
F:\GL internship\FrameworkC++\physics\TouchManager.cpp(8,58): warning C4244:  'argument': conversion from 'int' to 'float', possible loss of data
F:\GL internship\FrameworkC++\physics\TouchManager.cpp(8,55): warning C4244:  'argument': conversion from 'int' to 'float', possible loss of data
F:\GL internship\FrameworkC++\physics\TouchManager.cpp(13,20): warning C4018:  '<': signed/unsigned mismatch
F:\GL internship\FrameworkC++\physics\TouchManager.cpp(21,27): warning C4244:  'argument': conversion from 'int' to 'float', possible loss of data
F:\GL internship\FrameworkC++\physics\TouchManager.cpp(21,24): warning C4244:  'argument': conversion from 'int' to 'float', possible loss of data
F:\GL internship\FrameworkC++\physics\TouchManager.cpp(34,18): warning C4244:  '=': conversion from 'int' to 'float', possible loss of data
  ShapeObject.cpp
F:\GL internship\FrameworkC++\physics\TouchManager.cpp(35,18): warning C4244:  '=': conversion from 'int' to 'float', possible loss of data
F:\GL internship\FrameworkC++\physics\EffectManager.h(9,21): warning C4018:  '<': signed/unsigned mismatch
F:\GL internship\FrameworkC++\physics\ShapeObject.cpp(45,61): warning C4244:  '+=': conversion from 'double' to 'float', possible loss of data
F:\GL internship\FrameworkC++\physics\ShapeObject.cpp(46,61): warning C4244:  '+=': conversion from 'double' to 'float', possible loss of data
F:\GL internship\FrameworkC++\physics\ShapeObject.cpp(68,20): warning C4018:  '<': signed/unsigned mismatch
  SceneManager.cpp
F:\GL internship\FrameworkC++\physics\ShapeObject.cpp(85,23): warning C4244:  'initializing': conversion from 'double' to 'float', possible loss of data
F:\GL internship\FrameworkC++\physics\EffectManager.h(9,21): warning C4018:  '<': signed/unsigned mismatch
F:\GL internship\FrameworkC++\physics\SceneManager.h(10,21): warning C4018:  '<': signed/unsigned mismatch
F:\GL internship\FrameworkC++\physics\Rectangle.h(14,84): warning C4244:  'argument': conversion from 'float' to 'int', possible loss of data
F:\GL internship\FrameworkC++\physics\Rectangle.h(14,74): warning C4244:  'argument': conversion from 'float' to 'int', possible loss of data
F:\GL internship\FrameworkC++\physics\Rectangle.h(14,64): warning C4244:  'argument': conversion from 'float' to 'int', possible loss of data
F:\GL internship\FrameworkC++\physics\Rectangle.h(14,50): warning C4244:  'argument': conversion from 'float' to 'int', possible loss of data
F:\GL internship\FrameworkC++\physics\Plane.h(8,20): warning C4305:  'initializing': truncation from 'double' to 'float'
F:\GL internship\FrameworkC++\physics\TouchManager.h(36,33): warning C4305:  'initializing': truncation from 'double' to 'float'
F:\GL internship\FrameworkC++\physics\SceneManager.cpp(10,62): warning C4305:  'argument': truncation from 'double' to 'float'
F:\GL internship\FrameworkC++\physics\SceneManager.cpp(12,20): warning C4018:  '<': signed/unsigned mismatch
F:\GL internship\FrameworkC++\physics\SceneManager.cpp(18,20): warning C4018:  '<': signed/unsigned mismatch
F:\GL internship\FrameworkC++\physics\SceneManager.cpp(52,88): warning C4244:  'argument': conversion from 'int' to 'float', possible loss of data
F:\GL internship\FrameworkC++\physics\SceneManager.cpp(52,83): warning C4244:  'argument': conversion from 'int' to 'float', possible loss of data
F:\GL internship\FrameworkC++\physics\SceneManager.cpp(52,68): warning C4244:  'argument': conversion from 'int' to 'float', possible loss of data
F:\GL internship\FrameworkC++\physics\SceneManager.cpp(52,60): warning C4244:  'argument': conversion from 'int' to 'float', possible loss of data
F:\GL internship\FrameworkC++\physics\SceneManager.cpp(52,53): warning C4244:  'argument': conversion from 'int' to 'float', possible loss of data
F:\GL internship\FrameworkC++\physics\SceneManager.cpp(52,46): warning C4244:  'argument': conversion from 'int' to 'float', possible loss of data
F:\GL internship\FrameworkC++\physics\SceneManager.cpp(60,77): warning C4244:  'argument': conversion from 'int' to 'float', possible loss of data
F:\GL internship\FrameworkC++\physics\SceneManager.cpp(60,72): warning C4244:  'argument': conversion from 'int' to 'float', possible loss of data
F:\GL internship\FrameworkC++\physics\SceneManager.cpp(60,57): warning C4244:  'argument': conversion from 'int' to 'float', possible loss of data
F:\GL internship\FrameworkC++\physics\SceneManager.cpp(60,50): warning C4244:  'argument': conversion from 'int' to 'float', possible loss of data
F:\GL internship\FrameworkC++\physics\SceneManager.cpp(60,43): warning C4244:  'argument': conversion from 'int' to 'float', possible loss of data
F:\GL internship\FrameworkC++\physics\SceneManager.cpp(69,96): warning C4244:  'argument': conversion from 'int' to 'float', possible loss of data
F:\GL internship\FrameworkC++\physics\SceneManager.cpp(69,91): warning C4244:  'argument': conversion from 'int' to 'float', possible loss of data
F:\GL internship\FrameworkC++\physics\SceneManager.cpp(69,79): warning C4244:  'argument': conversion from 'int' to 'float', possible loss of data
F:\GL internship\FrameworkC++\physics\SceneManager.cpp(69,71): warning C4244:  'argument': conversion from 'int' to 'float', possible loss of data
F:\GL internship\FrameworkC++\physics\SceneManager.cpp(69,64): warning C4244:  'argument': conversion from 'int' to 'float', possible loss of data
F:\GL internship\FrameworkC++\physics\SceneManager.cpp(69,57): warning C4244:  'argument': conversion from 'int' to 'float', possible loss of data
F:\GL internship\FrameworkC++\physics\SceneManager.cpp(32,1): warning C4996:  'fopen': This function or variable may be unsafe. Consider using fopen_s instead. To disable deprecation, use _CRT_SECURE_NO_WARNINGS. See online help for details.
C:\Program Files (x86)\Windows Kits\10\Include\10.0.18362.0\ucrt\stdio.h(208): message :  see declaration of 'fopen'
F:\GL internship\FrameworkC++\physics\SceneManager.cpp(35,1): warning C4996:  'fscanf': This function or variable may be unsafe. Consider using fscanf_s instead. To disable deprecation, use _CRT_SECURE_NO_WARNINGS. See online help for details.
C:\Program Files (x86)\Windows Kits\10\Include\10.0.18362.0\ucrt\stdio.h(1197): message :  see declaration of 'fscanf'
F:\GL internship\FrameworkC++\physics\SceneManager.cpp(42,1): warning C4996:  'fscanf': This function or variable may be unsafe. Consider using fscanf_s instead. To disable deprecation, use _CRT_SECURE_NO_WARNINGS. See online help for details.
C:\Program Files (x86)\Windows Kits\10\Include\10.0.18362.0\ucrt\stdio.h(1197): message :  see declaration of 'fscanf'
F:\GL internship\FrameworkC++\physics\SceneManager.cpp(43,1): warning C4996:  'fscanf': This function or variable may be unsafe. Consider using fscanf_s instead. To disable deprecation, use _CRT_SECURE_NO_WARNINGS. See online help for details.
C:\Program Files (x86)\Windows Kits\10\Include\10.0.18362.0\ucrt\stdio.h(1197): message :  see declaration of 'fscanf'
F:\GL internship\FrameworkC++\physics\SceneManager.cpp(48,1): warning C4996:  'fscanf': This function or variable may be unsafe. Consider using fscanf_s instead. To disable deprecation, use _CRT_SECURE_NO_WARNINGS. See online help for details.
C:\Program Files (x86)\Windows Kits\10\Include\10.0.18362.0\ucrt\stdio.h(1197): message :  see declaration of 'fscanf'
F:\GL internship\FrameworkC++\physics\SceneManager.cpp(49,1): warning C4996:  'fscanf': This function or variable may be unsafe. Consider using fscanf_s instead. To disable deprecation, use _CRT_SECURE_NO_WARNINGS. See online help for details.
C:\Program Files (x86)\Windows Kits\10\Include\10.0.18362.0\ucrt\stdio.h(1197): message :  see declaration of 'fscanf'
F:\GL internship\FrameworkC++\physics\SceneManager.cpp(50,1): warning C4996:  'fscanf': This function or variable may be unsafe. Consider using fscanf_s instead. To disable deprecation, use _CRT_SECURE_NO_WARNINGS. See online help for details.
C:\Program Files (x86)\Windows Kits\10\Include\10.0.18362.0\ucrt\stdio.h(1197): message :  see declaration of 'fscanf'
F:\GL internship\FrameworkC++\physics\SceneManager.cpp(56,1): warning C4996:  'fscanf': This function or variable may be unsafe. Consider using fscanf_s instead. To disable deprecation, use _CRT_SECURE_NO_WARNINGS. See online help for details.
C:\Program Files (x86)\Windows Kits\10\Include\10.0.18362.0\ucrt\stdio.h(1197): message :  see declaration of 'fscanf'
F:\GL internship\FrameworkC++\physics\SceneManager.cpp(57,1): warning C4996:  'fscanf': This function or variable may be unsafe. Consider using fscanf_s instead. To disable deprecation, use _CRT_SECURE_NO_WARNINGS. See online help for details.
C:\Program Files (x86)\Windows Kits\10\Include\10.0.18362.0\ucrt\stdio.h(1197): message :  see declaration of 'fscanf'
F:\GL internship\FrameworkC++\physics\SceneManager.cpp(58,1): warning C4996:  'fscanf': This function or variable may be unsafe. Consider using fscanf_s instead. To disable deprecation, use _CRT_SECURE_NO_WARNINGS. See online help for details.
C:\Program Files (x86)\Windows Kits\10\Include\10.0.18362.0\ucrt\stdio.h(1197): message :  see declaration of 'fscanf'
F:\GL internship\FrameworkC++\physics\SceneManager.cpp(65,1): warning C4996:  'fscanf': This function or variable may be unsafe. Consider using fscanf_s instead. To disable deprecation, use _CRT_SECURE_NO_WARNINGS. See online help for details.
C:\Program Files (x86)\Windows Kits\10\Include\10.0.18362.0\ucrt\stdio.h(1197): message :  see declaration of 'fscanf'
F:\GL internship\FrameworkC++\physics\SceneManager.cpp(66,1): warning C4996:  'fscanf': This function or variable may be unsafe. Consider using fscanf_s instead. To disable deprecation, use _CRT_SECURE_NO_WARNINGS. See online help for details.
  PhysicsManager.cpp
C:\Program Files (x86)\Windows Kits\10\Include\10.0.18362.0\ucrt\stdio.h(1197): message :  see declaration of 'fscanf'
F:\GL internship\FrameworkC++\physics\EffectManager.h(9,21): warning C4018:  '<': signed/unsigned mismatch
F:\GL internship\FrameworkC++\physics\Rectangle.h(14,84): warning C4244:  'argument': conversion from 'float' to 'int', possible loss of data
F:\GL internship\FrameworkC++\physics\Rectangle.h(14,74): warning C4244:  'argument': conversion from 'float' to 'int', possible loss of data
F:\GL internship\FrameworkC++\physics\Rectangle.h(14,64): warning C4244:  'argument': conversion from 'float' to 'int', possible loss of data
F:\GL internship\FrameworkC++\physics\Rectangle.h(14,50): warning C4244:  'argument': conversion from 'float' to 'int', possible loss of data
F:\GL internship\FrameworkC++\physics\SceneManager.h(10,21): warning C4018:  '<': signed/unsigned mismatch
F:\GL internship\FrameworkC++\physics\PhysicsManager.cpp(13,20): warning C4018:  '<': signed/unsigned mismatch
F:\GL internship\FrameworkC++\physics\PhysicsManager.cpp(22,20): warning C4018:  '<': signed/unsigned mismatch
F:\GL internship\FrameworkC++\physics\PhysicsManager.cpp(24,25): warning C4018:  '<': signed/unsigned mismatch
  EffectManager.cpp
F:\GL internship\FrameworkC++\physics\PhysicsManager.cpp(216,19): warning C4244:  'initializing': conversion from 'double' to 'float', possible loss of data
F:\GL internship\FrameworkC++\physics\EffectManager.h(9,21): warning C4018:  '<': signed/unsigned mismatch
F:\GL internship\FrameworkC++\physics\UltilityFunction.h(7,11): warning C4244:  'initializing': conversion from 'double' to 'float', possible loss of data
F:\GL internship\FrameworkC++\physics\UltilityFunction.h(14,11): warning C4244:  'initializing': conversion from 'double' to 'float', possible loss of data
F:\GL internship\FrameworkC++\physics\UltilityFunction.h(25,21): warning C4244:  'initializing': conversion from 'float' to 'unsigned int', possible loss of data
F:\GL internship\FrameworkC++\physics\UltilityFunction.h(26,11): warning C4244:  'initializing': conversion from 'float' to 'unsigned int', possible loss of data
F:\GL internship\FrameworkC++\physics\UltilityFunction.h(27,10): warning C4244:  'initializing': conversion from 'float' to 'unsigned int', possible loss of data
F:\GL internship\FrameworkC++\physics\UltilityFunction.h(28,64): warning C4244:  'return': conversion from 'unsigned int' to 'float', possible loss of data
F:\GL internship\FrameworkC++\physics\UltilityFunction.h(32,11): warning C4244:  'initializing': conversion from 'double' to 'float', possible loss of data
F:\GL internship\FrameworkC++\physics\Firework.h(44,14): warning C4244:  'argument': conversion from 'time_t' to 'unsigned int', possible loss of data
F:\GL internship\FrameworkC++\physics\Firework.h(67,57): warning C4244:  '=': conversion from 'float' to 'unsigned int', possible loss of data
F:\GL internship\FrameworkC++\physics\Firework.h(45,8): warning C4101:  'iRandomShapeType': unreferenced local variable
F:\GL internship\FrameworkC++\physics\Firework.h(90,1): warning C4305:  '=': truncation from 'double' to 'float'
F:\GL internship\FrameworkC++\physics\Firework.h(119,1): warning C4305:  '=': truncation from 'double' to 'float'
F:\GL internship\FrameworkC++\physics\Firework.h(120,1): warning C4305:  '=': truncation from 'double' to 'float'
F:\GL internship\FrameworkC++\physics\Firework.h(122,1): warning C4305:  'argument': truncation from 'double' to 'float'
F:\GL internship\FrameworkC++\physics\Firework.h(176,101): warning C4244:  'argument': conversion from 'float' to 'int', possible loss of data
F:\GL internship\FrameworkC++\physics\Firework.h(176,87): warning C4244:  'argument': conversion from 'float' to 'int', possible loss of data
F:\GL internship\FrameworkC++\physics\Firework.h(176,66): warning C4244:  'argument': conversion from 'float' to 'int', possible loss of data
F:\GL internship\FrameworkC++\physics\Firework.h(176,48): warning C4244:  'argument': conversion from 'float' to 'int', possible loss of data
F:\GL internship\FrameworkC++\physics\Firework.h(179,101): warning C4244:  'argument': conversion from 'float' to 'int', possible loss of data
F:\GL internship\FrameworkC++\physics\Firework.h(179,87): warning C4244:  'argument': conversion from 'float' to 'int', possible loss of data
F:\GL internship\FrameworkC++\physics\Firework.h(179,66): warning C4244:  'argument': conversion from 'float' to 'int', possible loss of data
F:\GL internship\FrameworkC++\physics\Firework.h(179,48): warning C4244:  'argument': conversion from 'float' to 'int', possible loss of data
  CollisionInfo.cpp
F:\GL internship\FrameworkC++\physics\EffectManager.cpp(21,20): warning C4018:  '<': signed/unsigned mismatch
  Generating Code...
F:\GL internship\FrameworkC++\physics\EffectManager.h(9,21): warning C4018:  '<': signed/unsigned mismatch
  Framework.vcxproj -> F:\GL internship\FrameworkC++\BIN\Framework.exe
